<?xml version="1.0" encoding="UTF-8"?>
<testng-results ignored="0" total="1" passed="1" failed="0" skipped="0">
  <reporter-output>
  </reporter-output>
  <suite started-at="2023-06-11T20:25:46 EDT" name="Default suite" finished-at="2023-06-11T20:26:05 EDT" duration-ms="18312">
    <groups>
      <group name="cucumber">
        <method signature="AbstractTestNGCucumberTests.feature(cucumber.api.testng.CucumberFeatureWrapper)[pri:0, instance:testRunner_project5.TestRunner_project5@221a3fa4]" name="feature" class="cucumber.api.testng.AbstractTestNGCucumberTests"/>
      </group> <!-- cucumber -->
    </groups>
    <test started-at="2023-06-11T20:25:46 EDT" name="Default test" finished-at="2023-06-11T20:26:05 EDT" duration-ms="18312">
      <class name="testRunner_project5.TestRunner_project5">
        <test-method is-config="true" signature="blazesetup()[pri:0, instance:testRunner_project5.TestRunner_project5@221a3fa4]" started-at="2023-06-11T20:25:46 EDT" name="blazesetup" finished-at="2023-06-11T20:25:59 EDT" duration-ms="12339" status="PASS">
          <reporter-output>
          </reporter-output>
        </test-method> <!-- blazesetup -->
        <test-method is-config="true" signature="setUpClass()[pri:0, instance:testRunner_project5.TestRunner_project5@221a3fa4]" started-at="2023-06-11T20:25:59 EDT" name="setUpClass" finished-at="2023-06-11T20:25:59 EDT" duration-ms="211" status="PASS">
          <reporter-output>
          </reporter-output>
        </test-method> <!-- setUpClass -->
        <test-method signature="feature(cucumber.api.testng.CucumberFeatureWrapper)[pri:0, instance:testRunner_project5.TestRunner_project5@221a3fa4]" started-at="2023-06-11T20:25:59 EDT" name="feature" description="Runs Cucumber Feature" data-provider="features" finished-at="2023-06-11T20:26:05 EDT" duration-ms="5514" status="PASS">
          <params>
            <param index="0">
              <value>
                <![CDATA[This feature is for sign up functionality]]>
              </value>
            </param>
          </params>
          <reporter-output>
          </reporter-output>
        </test-method> <!-- feature -->
        <test-method is-config="true" signature="tearDownClass()[pri:0, instance:testRunner_project5.TestRunner_project5@221a3fa4]" started-at="2023-06-11T20:26:05 EDT" name="tearDownClass" finished-at="2023-06-11T20:26:05 EDT" duration-ms="20" status="PASS">
          <reporter-output>
          </reporter-output>
        </test-method> <!-- tearDownClass -->
        <test-method is-config="true" signature="blazeClosureURL()[pri:0, instance:testRunner_project5.TestRunner_project5@221a3fa4]" started-at="2023-06-11T20:26:05 EDT" name="blazeClosureURL" finished-at="2023-06-11T20:26:05 EDT" duration-ms="2" status="PASS">
          <reporter-output>
          </reporter-output>
        </test-method> <!-- blazeClosureURL -->
      </class> <!-- testRunner_project5.TestRunner_project5 -->
    </test> <!-- Default test -->
  </suite> <!-- Default suite -->
</testng-results>
